Build started at 2023-07-14T01:35:47.531340
Main binary: /usr/bin/python3
Build Options: -Ddocdir=/usr/local/share/doc -Dqemu_firmwarepath=/usr/local/share/qemu-firmware -Dqemu_suffix=qemu -Doptimization=2 -Ddebug=false -Dwerror=false -Dstrip=true -Db_pie=true -Db_staticpic=true -Db_coverage=false -Db_lto=false -Dcfi=false -Dcfi_debug=false -Dmalloc=system -Dmalloc_trim=auto -Dsparse=auto -Dkvm=auto -Dhax=auto -Dwhpx=auto -Dhvf=auto -Dxen=disabled -Dxen_pci_passthrough=disabled -Dtcg=enabled -Dcocoa=auto -Dgtk=disabled -Dmpath=auto -Dsdl=disabled -Dsdl_image=auto -Dvnc=disabled -Dvnc_sasl=disabled -Dvnc_jpeg=disabled -Dvnc_png=disabled -Dgettext=auto -Dxkbcommon=auto -Du2f=auto -Dvirtiofsd=auto -Dcapstone=auto -Dslirp=auto -Dfdt=disabled -Dbrlapi=disabled -Dcurl=disabled -Dglusterfs=disabled -Dbzip2=disabled -Dlibiscsi=disabled -Dlibnfs=disabled -Diconv=disabled -Dcurses=disabled -Dlibudev=auto -Drbd=disabled -Dlzo=disabled -Dsnappy=disabled -Dlzfse=auto -Dzstd=auto -Dseccomp=disabled -Dvirtfs=disabled -Dcap_ng=disabled -Dattr=auto -Ddefault_devices=false -Ddocs=disabled -Dsphinx_build= -Dinstall_blobs=false -Dvhost_user_blk_server=auto -Dmultiprocess=auto -Dfuse=auto -Dfuse_lseek=auto -Dguest_agent_msi=auto -Dtcg_interpreter=false -Dprefix=/usr/local -Dbindir=/usr/local/bin -Ddatadir=/usr/local/share -Dincludedir=/usr/local/include -Dlibdir=/usr/local/lib -Dlibexecdir=/usr/local/libexec -Dlocaledir=/usr/local/share/locale -Dlocalstatedir=/usr/local/var -Dmandir=/usr/local/share/man -Dsysconfdir=/usr/local/etc '--native-file config-meson.cross'
Python system: Linux
The Meson build system
Version: 0.55.0
Source dir: /home/andrew/FYP/AFL++/AFLplusplus/qemu_mode/qemuafl
Build dir: /home/andrew/FYP/AFL++/AFLplusplus/qemu_mode/qemuafl/build
Build type: native build
Running command: /usr/bin/head /home/andrew/FYP/AFL++/AFLplusplus/qemu_mode/qemuafl/VERSION
--- stdout ---
5.2.50

--- stderr ---


Using 'PKG_CONFIG_PATH' from environment with value: '/opt/ros/noetic/lib/pkgconfig'
Using 'PKG_CONFIG_PATH' from environment with value: '/opt/ros/noetic/lib/pkgconfig'
Project name: qemu
Project version: 5.2.50
None of 'CFLAGS' are defined in the environment, not changing global flags.
None of 'LDFLAGS' are defined in the environment, not changing global flags.
None of 'CPPFLAGS' are defined in the environment, not changing global flags.
None of 'CC_LD' are defined in the environment, not changing global flags.
Sanity testing C compiler: cc
Is cross compiler: False.
None of 'CC_LD' are defined in the environment, not changing global flags.
Sanity check compiler command line: cc /home/andrew/FYP/AFL++/AFLplusplus/qemu_mode/qemuafl/build/meson-private/sanitycheckc.c -o /home/andrew/FYP/AFL++/AFLplusplus/qemu_mode/qemuafl/build/meson-private/sanitycheckc.exe -pipe -D_FILE_OFFSET_BITS=64
Sanity check compile stdout:

-----
Sanity check compile stderr:

-----
Running test binary command: /home/andrew/FYP/AFL++/AFLplusplus/qemu_mode/qemuafl/build/meson-private/sanitycheckc.exe
C compiler for the build machine: cc (gcc 9.4.0 "cc (Ubuntu 9.4.0-1ubuntu1~20.04.1) 9.4.0")
C linker for the build machine: cc ld.bfd 2.34
None of 'CFLAGS' are defined in the environment, not changing global flags.
None of 'LDFLAGS' are defined in the environment, not changing global flags.
None of 'CPPFLAGS' are defined in the environment, not changing global flags.
None of 'CC_LD' are defined in the environment, not changing global flags.
Sanity testing C compiler: cc
Is cross compiler: False.
None of 'CC_LD' are defined in the environment, not changing global flags.
Sanity check compiler command line: cc /home/andrew/FYP/AFL++/AFLplusplus/qemu_mode/qemuafl/build/meson-private/sanitycheckc.c -o /home/andrew/FYP/AFL++/AFLplusplus/qemu_mode/qemuafl/build/meson-private/sanitycheckc.exe -pipe -D_FILE_OFFSET_BITS=64
Sanity check compile stdout:

-----
Sanity check compile stderr:

-----
Running test binary command: /home/andrew/FYP/AFL++/AFLplusplus/qemu_mode/qemuafl/build/meson-private/sanitycheckc.exe
C compiler for the host machine: cc (gcc 9.4.0 "cc (Ubuntu 9.4.0-1ubuntu1~20.04.1) 9.4.0")
C linker for the host machine: cc ld.bfd 2.34
Build machine cpu family: x86_64
Build machine cpu: x86_64
Host machine cpu family: x86_64
Host machine cpu: x86_64
Target machine cpu family: x86_64
Target machine cpu: x86_64
../meson.build:10: WARNING: Module unstable-keyval has no backwards or forwards compatibility and might not exist in future releases.
Program sh found: YES
Program python3 found: YES (/usr/bin/python3)
Program bzip2 found: YES
None of 'CXXFLAGS' are defined in the environment, not changing global flags.
None of 'LDFLAGS' are defined in the environment, not changing global flags.
None of 'CPPFLAGS' are defined in the environment, not changing global flags.
None of 'CXX_LD' are defined in the environment, not changing global flags.
Sanity testing C++ compiler: c++
Is cross compiler: False.
None of 'CXX_LD' are defined in the environment, not changing global flags.
Sanity check compiler command line: c++ /home/andrew/FYP/AFL++/AFLplusplus/qemu_mode/qemuafl/build/meson-private/sanitycheckcpp.cc -o /home/andrew/FYP/AFL++/AFLplusplus/qemu_mode/qemuafl/build/meson-private/sanitycheckcpp.exe -pipe -D_FILE_OFFSET_BITS=64
Sanity check compile stdout:

-----
Sanity check compile stderr:

-----
Running test binary command: /home/andrew/FYP/AFL++/AFLplusplus/qemu_mode/qemuafl/build/meson-private/sanitycheckcpp.exe
C++ compiler for the host machine: c++ (gcc 9.4.0 "c++ (Ubuntu 9.4.0-1ubuntu1~20.04.1) 9.4.0")
C++ linker for the host machine: c++ ld.bfd 2.34
Program cgcc found: NO
None of 'CC_LD' are defined in the environment, not changing global flags.
Running compile:
Working directory:  /home/andrew/FYP/AFL++/AFLplusplus/qemu_mode/qemuafl/build/meson-private/tmp770r5o0q
Command line:  cc /home/andrew/FYP/AFL++/AFLplusplus/qemu_mode/qemuafl/build/meson-private/tmp770r5o0q/testfile.c -o /home/andrew/FYP/AFL++/AFLplusplus/qemu_mode/qemuafl/build/meson-private/tmp770r5o0q/output.exe -pipe -D_FILE_OFFSET_BITS=64 -O0 -Wl,--start-group -lm -Wl,--end-group -Wl,--allow-shlib-undefined 

Code:
 int main(void) { return 0; }

Compiler stdout:
 
Compiler stderr:
 
Library m found: YES
None of 'CC_LD' are defined in the environment, not changing global flags.
Running compile:
Working directory:  /home/andrew/FYP/AFL++/AFLplusplus/qemu_mode/qemuafl/build/meson-private/tmp3kaywk_j
Command line:  cc /home/andrew/FYP/AFL++/AFLplusplus/qemu_mode/qemuafl/build/meson-private/tmp3kaywk_j/testfile.c -o /home/andrew/FYP/AFL++/AFLplusplus/qemu_mode/qemuafl/build/meson-private/tmp3kaywk_j/output.exe -pipe -D_FILE_OFFSET_BITS=64 -O0 -Wl,--start-group -lutil -Wl,--end-group -Wl,--allow-shlib-undefined 

Code:
 int main(void) { return 0; }

Compiler stdout:
 
Compiler stderr:
 
Library util found: YES
Run-time dependency appleframeworks found: NO (tried framework)
None of 'CC_LD' are defined in the environment, not changing global flags.
Running compile:
Working directory:  /home/andrew/FYP/AFL++/AFLplusplus/qemu_mode/qemuafl/build/meson-private/tmpfvj51h35
Command line:  cc /home/andrew/FYP/AFL++/AFLplusplus/qemu_mode/qemuafl/build/meson-private/tmpfvj51h35/testfile.c -o /home/andrew/FYP/AFL++/AFLplusplus/qemu_mode/qemuafl/build/meson-private/tmpfvj51h35/output.exe -pipe -D_FILE_OFFSET_BITS=64 -O0 -Wl,--start-group -laio -Wl,--end-group -Wl,--allow-shlib-undefined 

Code:
 int main(void) { return 0; }

Compiler stdout:
 
Compiler stderr:
 /usr/bin/ld: cannot find -laio
collect2: error: ld returned 1 exit status

None of 'CC_LD' are defined in the environment, not changing global flags.
Running compile:
Working directory:  /home/andrew/FYP/AFL++/AFLplusplus/qemu_mode/qemuafl/build/meson-private/tmpq6p3zqvc
Command line:  cc /home/andrew/FYP/AFL++/AFLplusplus/qemu_mode/qemuafl/build/meson-private/tmpq6p3zqvc/testfile.c -o /home/andrew/FYP/AFL++/AFLplusplus/qemu_mode/qemuafl/build/meson-private/tmpq6p3zqvc/output.exe -pipe -D_FILE_OFFSET_BITS=64 -O0 

Code:
 #include<stdio.h>
        
        int main(void) {
            printf("%ld\n", (long)(sizeof(void *)));
            return 0;
        };
Compiler stdout:
 
Compiler stderr:
 
Program stdout:

8

Program stderr:


Running compile:
Working directory:  /home/andrew/FYP/AFL++/AFLplusplus/qemu_mode/qemuafl/build/meson-private/tmpd3npein8
Command line:  cc /home/andrew/FYP/AFL++/AFLplusplus/qemu_mode/qemuafl/build/meson-private/tmpd3npein8/testfile.c -o /home/andrew/FYP/AFL++/AFLplusplus/qemu_mode/qemuafl/build/meson-private/tmpd3npein8/output.obj -pipe -c -D_FILE_OFFSET_BITS=64 -O0 --print-search-dirs 

Code:
 
Compiler stdout:
 install: /usr/lib/gcc/x86_64-linux-gnu/9/
programs: =/usr/lib/gcc/x86_64-linux-gnu/9/:/usr/lib/gcc/x86_64-linux-gnu/9/:/usr/lib/gcc/x86_64-linux-gnu/:/usr/lib/gcc/x86_64-linux-gnu/9/:/usr/lib/gcc/x86_64-linux-gnu/:/usr/lib/gcc/x86_64-linux-gnu/9/../../../../x86_64-linux-gnu/bin/x86_64-linux-gnu/9/:/usr/lib/gcc/x86_64-linux-gnu/9/../../../../x86_64-linux-gnu/bin/x86_64-linux-gnu/:/usr/lib/gcc/x86_64-linux-gnu/9/../../../../x86_64-linux-gnu/bin/
libraries: =/usr/lib/gcc/x86_64-linux-gnu/9/:/usr/lib/gcc/x86_64-linux-gnu/9/../../../../x86_64-linux-gnu/lib/x86_64-linux-gnu/9/:/usr/lib/gcc/x86_64-linux-gnu/9/../../../../x86_64-linux-gnu/lib/x86_64-linux-gnu/:/usr/lib/gcc/x86_64-linux-gnu/9/../../../../x86_64-linux-gnu/lib/../lib/:/usr/lib/gcc/x86_64-linux-gnu/9/../../../x86_64-linux-gnu/9/:/usr/lib/gcc/x86_64-linux-gnu/9/../../../x86_64-linux-gnu/:/usr/lib/gcc/x86_64-linux-gnu/9/../../../../lib/:/lib/x86_64-linux-gnu/9/:/lib/x86_64-linux-gnu/:/lib/../lib/:/usr/lib/x86_64-linux-gnu/9/:/usr/lib/x86_64-linux-gnu/:/usr/lib/../lib/:/usr/lib/gcc/x86_64-linux-gnu/9/../../../../x86_64-linux-gnu/lib/:/usr/lib/gcc/x86_64-linux-gnu/9/../../../:/lib/:/usr/lib/

Compiler stderr:
 
Library aio found: NO
Pkg-config binary for MachineChoice.HOST is not cached.
Pkg-config binary for MachineChoice.HOST specified from cross file, native file, or env var as ['pkg-config']
Found pkg-config: /usr/bin/pkg-config (0.29.1)
Determining dependency 'zlib' with pkg-config executable '/usr/bin/pkg-config'
PKG_CONFIG_PATH: /opt/ros/noetic/lib/pkgconfig
Called `/usr/bin/pkg-config --modversion zlib` -> 0
1.2.11
PKG_CONFIG_PATH: /opt/ros/noetic/lib/pkgconfig
Called `/usr/bin/pkg-config --cflags zlib` -> 0

PKG_CONFIG_PATH: /opt/ros/noetic/lib/pkgconfig
Called `/usr/bin/pkg-config zlib --libs` -> 0
-L/usr/lib/x86_64-linux-gnu -lz
PKG_CONFIG_PATH: /opt/ros/noetic/lib/pkgconfig
Called `/usr/bin/pkg-config zlib --libs` -> 0
-lz
Using 'PKG_CONFIG_PATH' from environment with value: '/opt/ros/noetic/lib/pkgconfig'
None of 'CXX_LD' are defined in the environment, not changing global flags.
Running compile:
Working directory:  /home/andrew/FYP/AFL++/AFLplusplus/qemu_mode/qemuafl/build/meson-private/tmpx8tfl31q
Command line:  c++ /home/andrew/FYP/AFL++/AFLplusplus/qemu_mode/qemuafl/build/meson-private/tmpx8tfl31q/testfile.cpp -o /home/andrew/FYP/AFL++/AFLplusplus/qemu_mode/qemuafl/build/meson-private/tmpx8tfl31q/output.exe -pipe -D_FILE_OFFSET_BITS=64 -O0 -fpermissive 

Code:
 #include<stdio.h>
        
        int main(void) {
            printf("%ld\n", (long)(sizeof(void *)));
            return 0;
        };
Compiler stdout:
 
Compiler stderr:
 
Program stdout:

8

Program stderr:


Running compile:
Working directory:  /home/andrew/FYP/AFL++/AFLplusplus/qemu_mode/qemuafl/build/meson-private/tmpvzn1uujf
Command line:  c++ /home/andrew/FYP/AFL++/AFLplusplus/qemu_mode/qemuafl/build/meson-private/tmpvzn1uujf/testfile.cpp -o /home/andrew/FYP/AFL++/AFLplusplus/qemu_mode/qemuafl/build/meson-private/tmpvzn1uujf/output.obj -pipe -c -D_FILE_OFFSET_BITS=64 -O0 -fpermissive --print-search-dirs 

Code:
 
Compiler stdout:
 install: /usr/lib/gcc/x86_64-linux-gnu/9/
programs: =/usr/lib/gcc/x86_64-linux-gnu/9/:/usr/lib/gcc/x86_64-linux-gnu/9/:/usr/lib/gcc/x86_64-linux-gnu/:/usr/lib/gcc/x86_64-linux-gnu/9/:/usr/lib/gcc/x86_64-linux-gnu/:/usr/lib/gcc/x86_64-linux-gnu/9/../../../../x86_64-linux-gnu/bin/x86_64-linux-gnu/9/:/usr/lib/gcc/x86_64-linux-gnu/9/../../../../x86_64-linux-gnu/bin/x86_64-linux-gnu/:/usr/lib/gcc/x86_64-linux-gnu/9/../../../../x86_64-linux-gnu/bin/
libraries: =/usr/lib/gcc/x86_64-linux-gnu/9/:/usr/lib/gcc/x86_64-linux-gnu/9/../../../../x86_64-linux-gnu/lib/x86_64-linux-gnu/9/:/usr/lib/gcc/x86_64-linux-gnu/9/../../../../x86_64-linux-gnu/lib/x86_64-linux-gnu/:/usr/lib/gcc/x86_64-linux-gnu/9/../../../../x86_64-linux-gnu/lib/../lib/:/usr/lib/gcc/x86_64-linux-gnu/9/../../../x86_64-linux-gnu/9/:/usr/lib/gcc/x86_64-linux-gnu/9/../../../x86_64-linux-gnu/:/usr/lib/gcc/x86_64-linux-gnu/9/../../../../lib/:/lib/x86_64-linux-gnu/9/:/lib/x86_64-linux-gnu/:/lib/../lib/:/usr/lib/x86_64-linux-gnu/9/:/usr/lib/x86_64-linux-gnu/:/usr/lib/../lib/:/usr/lib/gcc/x86_64-linux-gnu/9/../../../../x86_64-linux-gnu/lib/:/usr/lib/gcc/x86_64-linux-gnu/9/../../../:/lib/:/usr/lib/

Compiler stderr:
 
Run-time dependency zlib found: YES 1.2.11
Dependency libnfs skipped: feature libnfs disabled
None of 'CC_LD' are defined in the environment, not changing global flags.
Running compile:
Working directory:  /home/andrew/FYP/AFL++/AFLplusplus/qemu_mode/qemuafl/build/meson-private/tmpa6r1o2jl
Command line:  cc /home/andrew/FYP/AFL++/AFLplusplus/qemu_mode/qemuafl/build/meson-private/tmpa6r1o2jl/testfile.c -o /home/andrew/FYP/AFL++/AFLplusplus/qemu_mode/qemuafl/build/meson-private/tmpa6r1o2jl/output.exe -pipe -D_FILE_OFFSET_BITS=64 -O0 -std=gnu99 

Code:
 
  #include <stddef.h>
  #include <sys/types.h>
  #ifdef CONFIG_LIBATTR
  #include <attr/xattr.h>
  #else
  #include <sys/xattr.h>
  #endif
  int main(void) { getxattr(NULL, NULL, NULL, 0); setxattr(NULL, NULL, NULL, 0, 0); return 0; }
Compiler stdout:
 
Compiler stderr:
 
Run-time dependency appleframeworks found: NO (tried framework)
Dependency libseccomp skipped: feature seccomp disabled
Library cap-ng skipped: feature cap_ng disabled
None of 'CC_LD' are defined in the environment, not changing global flags.
Running compile:
Working directory:  /home/andrew/FYP/AFL++/AFLplusplus/qemu_mode/qemuafl/build/meson-private/tmpqkq6h69i
Command line:  cc /home/andrew/FYP/AFL++/AFLplusplus/qemu_mode/qemuafl/build/meson-private/tmpqkq6h69i/testfile.c -o /home/andrew/FYP/AFL++/AFLplusplus/qemu_mode/qemuafl/build/meson-private/tmpqkq6h69i/output.exe -pipe -D_FILE_OFFSET_BITS=64 -O0 -Wl,--start-group -lrt -Wl,--end-group -Wl,--allow-shlib-undefined 

Code:
 int main(void) { return 0; }

Compiler stdout:
 
Compiler stderr:
 
Library rt found: YES
Dependency libiscsi skipped: feature libiscsi disabled
Dependency libcurl skipped: feature curl disabled
Library brlapi skipped: feature brlapi disabled
Dependency sdl2 skipped: feature sdl disabled
Library rados skipped: feature rbd disabled
Library rbd skipped: feature rbd disabled
Dependency glusterfs-api skipped: feature glusterfs disabled
Library bz2 skipped: feature bzip2 disabled
Dependency gtk+-3.0 skipped: feature gtk disabled
Library snappy skipped: feature snappy disabled
Library lzo2 skipped: feature lzo disabled
Pkg-config binary for MachineChoice.HOST is cached.
Determining dependency 'libkeyutils' with pkg-config executable '/usr/bin/pkg-config'
PKG_CONFIG_PATH: /opt/ros/noetic/lib/pkgconfig
Called `/usr/bin/pkg-config --modversion libkeyutils` -> 1

Run-time dependency libkeyutils found: NO (tried pkgconfig)
None of 'CC_LD' are defined in the environment, not changing global flags.
Running compile:
Working directory:  /home/andrew/FYP/AFL++/AFLplusplus/qemu_mode/qemuafl/build/meson-private/tmpswaomv0y
Command line:  cc /home/andrew/FYP/AFL++/AFLplusplus/qemu_mode/qemuafl/build/meson-private/tmpswaomv0y/testfile.c -o /home/andrew/FYP/AFL++/AFLplusplus/qemu_mode/qemuafl/build/meson-private/tmpswaomv0y/output.exe -pipe -D_FILE_OFFSET_BITS=64 -O0 -std=gnu99 

Code:
 
        #define gettid meson_disable_define_of_gettid
        
        #include <limits.h>
        #undef gettid
        
        #ifdef __cplusplus
        extern "C"
        #endif
        char gettid (void);
        
        #if defined __stub_gettid || defined __stub___gettid
        fail fail fail this function is not going to work
        #endif
        
        int main(void) {
          return gettid ();
        }
Compiler stdout:
 
Compiler stderr:
 
Checking for function "gettid" : YES 
None of 'CC_LD' are defined in the environment, not changing global flags.
Running compile:
Working directory:  /home/andrew/FYP/AFL++/AFLplusplus/qemu_mode/qemuafl/build/meson-private/tmp64v336ui
Command line:  cc /home/andrew/FYP/AFL++/AFLplusplus/qemu_mode/qemuafl/build/meson-private/tmp64v336ui/testfile.c -o /home/andrew/FYP/AFL++/AFLplusplus/qemu_mode/qemuafl/build/meson-private/tmp64v336ui/output.exe -pipe -D_FILE_OFFSET_BITS=64 -O0 -std=gnu99 

Code:
 #include <malloc.h>
                int main(void) { malloc_trim(0); return 0; }
Compiler stdout:
 
Compiler stderr:
 
None of 'CC_LD' are defined in the environment, not changing global flags.
Running compile:
Working directory:  /home/andrew/FYP/AFL++/AFLplusplus/qemu_mode/qemuafl/build/meson-private/tmphxcjh8we
Command line:  cc /home/andrew/FYP/AFL++/AFLplusplus/qemu_mode/qemuafl/build/meson-private/tmphxcjh8we/testfile.c -o /home/andrew/FYP/AFL++/AFLplusplus/qemu_mode/qemuafl/build/meson-private/tmphxcjh8we/output.exe -pipe -D_FILE_OFFSET_BITS=64 -O0 -std=gnu99 

Code:
 
  #ifndef _GNU_SOURCE
  #define _GNU_SOURCE
  #endif
  #include <sys/stat.h>
  int main(void) {
    struct statx statxbuf;
    statx(0, "", 0, STATX_BASIC_STATS, &statxbuf);
    return 0;
  }
Compiler stdout:
 
Compiler stderr:
 
Pkg-config binary for MachineChoice.HOST is cached.
Determining dependency 'fuse3' with pkg-config executable '/usr/bin/pkg-config'
PKG_CONFIG_PATH: /opt/ros/noetic/lib/pkgconfig
Called `/usr/bin/pkg-config --modversion fuse3` -> 1

Run-time dependency fuse3 found: NO (tried pkgconfig)
Running compile:
Working directory:  /home/andrew/FYP/AFL++/AFLplusplus/qemu_mode/qemuafl/build/meson-private/tmplk84p2ed
Command line:  cc /home/andrew/FYP/AFL++/AFLplusplus/qemu_mode/qemuafl/build/meson-private/tmplk84p2ed/testfile.c -pipe -E -P -D_FILE_OFFSET_BITS=64 -P -O0 -std=gnu99 

Code:
 
        #ifdef __has_include
         #if !__has_include("linux/btrfs.h")
          #error "Header 'linux/btrfs.h' could not be found"
         #endif
        #else
         #include <linux/btrfs.h>
        #endif
Compiler stdout:
 
Compiler stderr:
 
Has header "linux/btrfs.h" : YES 
Running compile:
Working directory:  /home/andrew/FYP/AFL++/AFLplusplus/qemu_mode/qemuafl/build/meson-private/tmpa53a2hqu
Command line:  cc /home/andrew/FYP/AFL++/AFLplusplus/qemu_mode/qemuafl/build/meson-private/tmpa53a2hqu/testfile.c -pipe -E -P -D_FILE_OFFSET_BITS=64 -P -O0 -std=gnu99 

Code:
 
        #ifdef __has_include
         #if !__has_include("libdrm/drm.h")
          #error "Header 'libdrm/drm.h' could not be found"
         #endif
        #else
         #include <libdrm/drm.h>
        #endif
Compiler stdout:
 
Compiler stderr:
 /home/andrew/FYP/AFL++/AFLplusplus/qemu_mode/qemuafl/build/meson-private/tmpa53a2hqu/testfile.c:4:12: error: #error "Header 'libdrm/drm.h' could not be found"
    4 |           #error "Header 'libdrm/drm.h' could not be found"
      |            ^~~~~

Has header "libdrm/drm.h" : NO 
Running compile:
Working directory:  /home/andrew/FYP/AFL++/AFLplusplus/qemu_mode/qemuafl/build/meson-private/tmpm2v2jmjg
Command line:  cc /home/andrew/FYP/AFL++/AFLplusplus/qemu_mode/qemuafl/build/meson-private/tmpm2v2jmjg/testfile.c -pipe -E -P -D_FILE_OFFSET_BITS=64 -P -O0 -std=gnu99 

Code:
 
        #ifdef __has_include
         #if !__has_include("pty.h")
          #error "Header 'pty.h' could not be found"
         #endif
        #else
         #include <pty.h>
        #endif
Compiler stdout:
 
Compiler stderr:
 
Has header "pty.h" : YES 
Running compile:
Working directory:  /home/andrew/FYP/AFL++/AFLplusplus/qemu_mode/qemuafl/build/meson-private/tmpfo7ojy0i
Command line:  cc /home/andrew/FYP/AFL++/AFLplusplus/qemu_mode/qemuafl/build/meson-private/tmpfo7ojy0i/testfile.c -pipe -E -P -D_FILE_OFFSET_BITS=64 -P -O0 -std=gnu99 

Code:
 
        #ifdef __has_include
         #if !__has_include("sys/ioccom.h")
          #error "Header 'sys/ioccom.h' could not be found"
         #endif
        #else
         #include <sys/ioccom.h>
        #endif
Compiler stdout:
 
Compiler stderr:
 /home/andrew/FYP/AFL++/AFLplusplus/qemu_mode/qemuafl/build/meson-private/tmpfo7ojy0i/testfile.c:4:12: error: #error "Header 'sys/ioccom.h' could not be found"
    4 |           #error "Header 'sys/ioccom.h' could not be found"
      |            ^~~~~

Has header "sys/ioccom.h" : NO 
Running compile:
Working directory:  /home/andrew/FYP/AFL++/AFLplusplus/qemu_mode/qemuafl/build/meson-private/tmp7eivagzi
Command line:  cc /home/andrew/FYP/AFL++/AFLplusplus/qemu_mode/qemuafl/build/meson-private/tmp7eivagzi/testfile.c -pipe -E -P -D_FILE_OFFSET_BITS=64 -P -O0 -std=gnu99 

Code:
 
        #ifdef __has_include
         #if !__has_include("sys/kcov.h")
          #error "Header 'sys/kcov.h' could not be found"
         #endif
        #else
         #include <sys/kcov.h>
        #endif
Compiler stdout:
 
Compiler stderr:
 /home/andrew/FYP/AFL++/AFLplusplus/qemu_mode/qemuafl/build/meson-private/tmp7eivagzi/testfile.c:4:12: error: #error "Header 'sys/kcov.h' could not be found"
    4 |           #error "Header 'sys/kcov.h' could not be found"
      |            ^~~~~

Has header "sys/kcov.h" : NO 
None of 'CC_LD' are defined in the environment, not changing global flags.
Running compile:
Working directory:  /home/andrew/FYP/AFL++/AFLplusplus/qemu_mode/qemuafl/build/meson-private/tmpepa6ghgr
Command line:  cc /home/andrew/FYP/AFL++/AFLplusplus/qemu_mode/qemuafl/build/meson-private/tmpepa6ghgr/testfile.c -o /home/andrew/FYP/AFL++/AFLplusplus/qemu_mode/qemuafl/build/meson-private/tmpepa6ghgr/output.exe -pipe -D_FILE_OFFSET_BITS=64 -O0 -std=gnu99 

Code:
 #include <stdlib.h>
#include <limits.h>

        #if defined __stub_system || defined __stub___system
        fail fail fail this function is not going to work
        #endif
        
int main(void) {
            void *a = (void*) &system;
            long long b = (long long) a;
            return (int) b;
        }
Compiler stdout:
 
Compiler stderr:
 
Checking for function "system" : YES 
Running compile:
Working directory:  /home/andrew/FYP/AFL++/AFLplusplus/qemu_mode/qemuafl/build/meson-private/tmp3597cakz
Command line:  cc /home/andrew/FYP/AFL++/AFLplusplus/qemu_mode/qemuafl/build/meson-private/tmp3597cakz/testfile.c -o /home/andrew/FYP/AFL++/AFLplusplus/qemu_mode/qemuafl/build/meson-private/tmp3597cakz/output.obj -pipe -c -D_FILE_OFFSET_BITS=64 -O0 -std=gnu99 

Code:
 
        #include <sys/mount.h>
        int main(void) {
            /* If it's not defined as a macro, try to use as a symbol */
            #ifndef FSCONFIG_SET_FLAG
                FSCONFIG_SET_FLAG;
            #endif
            return 0;
        }
Compiler stdout:
 
Compiler stderr:
 /home/andrew/FYP/AFL++/AFLplusplus/qemu_mode/qemuafl/build/meson-private/tmp3597cakz/testfile.c: In function 'main':
/home/andrew/FYP/AFL++/AFLplusplus/qemu_mode/qemuafl/build/meson-private/tmp3597cakz/testfile.c:6:17: error: 'FSCONFIG_SET_FLAG' undeclared (first use in this function)
    6 |                 FSCONFIG_SET_FLAG;
      |                 ^~~~~~~~~~~~~~~~~
/home/andrew/FYP/AFL++/AFLplusplus/qemu_mode/qemuafl/build/meson-private/tmp3597cakz/testfile.c:6:17: note: each undeclared identifier is reported only once for each function it appears in

Header <sys/mount.h> has symbol "FSCONFIG_SET_FLAG" : NO 
None of 'CC_LD' are defined in the environment, not changing global flags.
Running compile:
Working directory:  /home/andrew/FYP/AFL++/AFLplusplus/qemu_mode/qemuafl/build/meson-private/tmpgfn4h0wx
Command line:  cc /home/andrew/FYP/AFL++/AFLplusplus/qemu_mode/qemuafl/build/meson-private/tmpgfn4h0wx/testfile.c -o /home/andrew/FYP/AFL++/AFLplusplus/qemu_mode/qemuafl/build/meson-private/tmpgfn4h0wx/output.exe -pipe -D_FILE_OFFSET_BITS=64 -O0 -std=gnu99 

Code:
 #include <sys/uio.h>
#include <limits.h>

        #if defined __stub_preadv || defined __stub___preadv
        fail fail fail this function is not going to work
        #endif
        
int main(void) {
            void *a = (void*) &preadv;
            long long b = (long long) a;
            return (int) b;
        }
Compiler stdout:
 
Compiler stderr:
 
Checking for function "preadv" : YES 
Program scripts/minikconf.py found: YES
Configuring aarch64-linux-user-config-target.h using configuration
Pkg-config binary for MachineChoice.HOST is cached.
Determining dependency 'capstone' with pkg-config executable '/usr/bin/pkg-config'
PKG_CONFIG_PATH: /opt/ros/noetic/lib/pkgconfig
Called `/usr/bin/pkg-config --modversion capstone` -> 1

Run-time dependency capstone found: NO (tried pkgconfig)
Configuring capstone-defs.h using configuration
Configuring config-host.h using configuration
Program scripts/hxtool found: YES
Program scripts/shaderinclude.pl found: YES
Program scripts/qapi-gen.py found: YES
Program scripts/qemu-version.sh found: YES
Run-time dependency threads found: YES
Program keycodemapdb/tools/keymap-gen found: YES
Program scripts/decodetree.py found: YES
Program nm found: YES
Program scripts/undefsym.py found: YES
Program scripts/feature_to_c.sh found: YES
Program qemu-keymap found: NO
Program sphinx-build-3 sphinx-build skipped: feature docs disabled
Program python3 found: YES (/usr/bin/python3)
Adding test "check-block-qdict"
Adding test "check-qdict"
Adding test "check-qnum"
Adding test "check-qstring"
Adding test "check-qlist"
Adding test "check-qnull"
Adding test "check-qobject"
Adding test "check-qjson"
Adding test "check-qlit"
Adding test "test-qobject-output-visitor"
Adding test "test-clone-visitor"
Adding test "test-qobject-input-visitor"
Adding test "test-string-input-visitor"
Adding test "test-string-output-visitor"
Adding test "test-opts-visitor"
Adding test "test-visitor-serialization"
Adding test "test-bitmap"
Adding test "test-x86-cpuid"
Adding test "test-cutils"
Adding test "test-shift128"
Adding test "test-mul64"
Adding test "test-int128"
Adding test "rcutorture"
Adding test "test-rcu-list"
Adding test "test-rcu-simpleq"
Adding test "test-rcu-tailq"
Adding test "test-rcu-slist"
Adding test "test-qdist"
Adding test "test-qht"
Adding test "test-bitops"
Adding test "test-bitcnt"
Adding test "test-qgraph"
Adding test "check-qom-interface"
Adding test "check-qom-proplist"
Adding test "test-qemu-opts"
Adding test "test-keyval"
Adding test "test-logging"
Adding test "test-uuid"
Adding test "ptimer-test"
Adding test "test-qapi-util"
Adding test "decodetree"
Adding test "fp-test-float-to-float"
Adding test "fp-test-int-to-float"
Adding test "fp-test-uint-to-float"
Adding test "fp-test-float-to-int"
Adding test "fp-test-float-to-uint"
Adding test "fp-test-round-to-integer"
Adding test "fp-test-eq_signaling"
Adding test "fp-test-le"
Adding test "fp-test-le_quiet"
Adding test "fp-test-lt_quiet"
Adding test "fp-test-add"
Adding test "fp-test-sub"
Adding test "fp-test-mul"
Adding test "fp-test-div"
Adding test "fp-test-rem"
Adding test "fp-test-sqrt"
Adding test "fp-test-mulAdd"
Adding test "QAPI schema regression tests"
Program diff found: YES
Program dbus-daemon found: YES
Program initrd-stress.sh found: YES
Build targets in project: 169

qemu 5.2.50

  Directories
                   Install prefix: /usr/local
                   BIOS directory: share/qemu
                    firmware path: /usr/local/share/qemu-firmware
                 binary directory: bin
                library directory: lib
                 module directory: lib/qemu
                libexec directory: libexec
                include directory: include
                 config directory: /usr/local/etc
            local state directory: /usr/local/var
                 Manual directory: share/man
                    Doc directory: /usr/local/share/doc
                  Build directory: /home/andrew/FYP/AFL++/AFLplusplus/qemu_mode/qemuafl/build
                      Source path: /home/andrew/FYP/AFL++/AFLplusplus/qemu_mode/qemuafl
                   GIT submodules: ui/keycodemapdb tests/fp/berkeley-testfloat-3 tests/fp/berkeley-softfloat-3 meson capstone slirp

  Host binaries
                              git: git
                             make: make
                           python: /usr/bin/python3 (version: 3.8)
                     sphinx-build: NO
                              gdb: /usr/bin/gdb
                      genisoimage: /usr/bin/genisoimage

  Configurable features
                    Documentation: NO
            system-mode emulation: NO
              user-mode emulation: YES
                      block layer: NO
                    Install blobs: NO
                   module support: NO
                   plugin support: NO
                  fuzzing support: NO
                   Trace backends: log
                    QOM debugging: NO
             vhost-kernel support: NO
                vhost-net support: NO
             vhost-crypto support: NO
               vhost-scsi support: NO
              vhost-vsock support: NO
               vhost-user support: NO
    vhost-user-blk server support: NO
            vhost-user-fs support: NO
               vhost-vdpa support: NO
                build guest agent: NO

  Compilation
                         host CPU: x86_64
                  host endianness: little
                       C compiler: cc
                  Host C compiler: cc
                     C++ compiler: c++
                          ARFLAGS: rv
                           CFLAGS: -O2
                         CXXFLAGS: -O2
                      QEMU_CFLAGS: -U_FORTIFY_SOURCE -D_FORTIFY_SOURCE=2 -m64 -mcx16 -D_GNU_SOURCE -D_FILE_OFFSET_BITS=64 -D_LARGEFILE_SOURCE -Wstrict-prototypes -Wredundant-decls -Wundef -Wwrite-strings -Wmissing-prototypes -fno-strict-aliasing -fno-common -fwrapv  -Wold-style-declaration -Wold-style-definition -Wtype-limits -Wformat-security -Wformat-y2k -Winit-self -Wignored-qualifiers -Wempty-body -Wnested-externs -Wendif-labels -Wexpansion-to-defined -Wimplicit-fallthrough=2 -Wno-missing-include-dirs -Wno-shift-negative-value -Wno-psabi -Wno-unused-function
                     QEMU_LDFLAGS: -Wl,--warn-common -Wl,-z,relro -Wl,-z,now -m64 -ldl
                         profiler: NO
     link-time optimization (LTO): NO
                              PIE: YES
                     static build: NO
              malloc trim support: YES
                       membarrier: NO
                   preadv support: YES
                        fdatasync: YES
                          madvise: YES
                    posix_madvise: YES
                   posix_memalign: YES
                debug stack usage: NO
                  mutex debugging: NO
                 memory allocator: system
                avx2 optimization: YES
             avx512f optimization: NO
                    gprof enabled: NO
                             gcov: NO
                 thread sanitizer: NO
                      CFI support: NO
                   strip binaries: YES
                           sparse: NO
                  mingw32 support: NO

  Targets and accelerators
                      TCG support: YES
                      TCG backend: native (x86_64)
                TCG debug enabled: NO
                      target list: aarch64-linux-user

  Block layer support
                coroutine backend: ucontext
                   coroutine pool: YES

  Crypto
                     TLS priority: "NORMAL"
                   GNUTLS support: NO
                        libgcrypt: NO
                           nettle: NO
                     crypto afalg: NO
                         rng-none: NO
                    Linux keyring: YES

  Dependencies
                      SDL support: NO
                SDL image support: NO
                      GTK support: NO
                           pixman: NO
                      VTE support: NO
                    slirp support: NO
                         libtasn1: NO
                              PAM: NO
                    iconv support: NO
                   curses support: NO
                    virgl support: NO
                     curl support: NO
                Multipath support: NO
                      VNC support: NO
                   brlapi support: NO
                      vde support: NO
                   netmap support: NO
                Linux AIO support: NO
           Linux io_uring support: NO
               ATTR/XATTR support: YES
                     RDMA support: NO
                   PVRDMA support: NO
                      fdt support: NO
                libcap-ng support: NO
                    spice support: NO
                      rbd support: NO
                   xfsctl support: NO
                smartcard support: NO
                      U2F support: NO
                           libusb: NO
                    usb net redir: NO
                   OpenGL support: NO
                   OpenGL dmabufs: NO
                 libiscsi support: NO
                   libnfs support: NO
                  seccomp support: NO
                GlusterFS support: NO
                      TPM support: NO
                   libssh support: NO
                      lzo support: NO
                   snappy support: NO
                    bzip2 support: NO
                    lzfse support: NO
                     zstd support: NO
                NUMA host support: NO
                          libxml2: YES
                         capstone: internal
                  libpmem support: NO
                libdaxctl support: NO
                          libudev: NO
                       FUSE lseek: NO

Found ninja-1.10.0 at /usr/bin/ninja
WARNING: custom_target 'shared QAPI source files' has more than one output! Using the first one.
Running compile:
Working directory:  /home/andrew/FYP/AFL++/AFLplusplus/qemu_mode/qemuafl/build/meson-private/tmpz8u6b0n3
Command line:  cc /home/andrew/FYP/AFL++/AFLplusplus/qemu_mode/qemuafl/build/meson-private/tmpz8u6b0n3/testfile.c -o /home/andrew/FYP/AFL++/AFLplusplus/qemu_mode/qemuafl/build/meson-private/tmpz8u6b0n3/output.obj -pipe -c -D_FILE_OFFSET_BITS=64 -O0 --print-search-dirs 

Code:
 
Compiler stdout:
 install: /usr/lib/gcc/x86_64-linux-gnu/9/
programs: =/usr/lib/gcc/x86_64-linux-gnu/9/:/usr/lib/gcc/x86_64-linux-gnu/9/:/usr/lib/gcc/x86_64-linux-gnu/:/usr/lib/gcc/x86_64-linux-gnu/9/:/usr/lib/gcc/x86_64-linux-gnu/:/usr/lib/gcc/x86_64-linux-gnu/9/../../../../x86_64-linux-gnu/bin/x86_64-linux-gnu/9/:/usr/lib/gcc/x86_64-linux-gnu/9/../../../../x86_64-linux-gnu/bin/x86_64-linux-gnu/:/usr/lib/gcc/x86_64-linux-gnu/9/../../../../x86_64-linux-gnu/bin/
libraries: =/usr/lib/gcc/x86_64-linux-gnu/9/:/usr/lib/gcc/x86_64-linux-gnu/9/../../../../x86_64-linux-gnu/lib/x86_64-linux-gnu/9/:/usr/lib/gcc/x86_64-linux-gnu/9/../../../../x86_64-linux-gnu/lib/x86_64-linux-gnu/:/usr/lib/gcc/x86_64-linux-gnu/9/../../../../x86_64-linux-gnu/lib/../lib/:/usr/lib/gcc/x86_64-linux-gnu/9/../../../x86_64-linux-gnu/9/:/usr/lib/gcc/x86_64-linux-gnu/9/../../../x86_64-linux-gnu/:/usr/lib/gcc/x86_64-linux-gnu/9/../../../../lib/:/lib/x86_64-linux-gnu/9/:/lib/x86_64-linux-gnu/:/lib/../lib/:/usr/lib/x86_64-linux-gnu/9/:/usr/lib/x86_64-linux-gnu/:/usr/lib/../lib/:/usr/lib/gcc/x86_64-linux-gnu/9/../../../../x86_64-linux-gnu/lib/:/usr/lib/gcc/x86_64-linux-gnu/9/../../../:/lib/:/usr/lib/

Compiler stderr:
 
Running compile:
Working directory:  /tmp/tmp3vgdvi0p
Command line:  c++ /tmp/tmp3vgdvi0p/testfile.cpp -o /tmp/tmp3vgdvi0p/output.obj -pipe -D_FILE_OFFSET_BITS=64 -c -std=gnu++11 

Code:
 int i = static_cast<int>(0);
Compiler stdout:
 
Compiler stderr:
 
Compiler accepts -std=gnu++11: YES
WARNING: custom_target 'Test QAPI files' has more than one output! Using the first one.
WARNING: custom_target 'QAPI test (include)' has more than one output! Using the first one.
WARNING: custom_target 'QAPI doc' has more than one output! Using the first one.
WARNING: custom_target 'dbus-vmstate description' has more than one output! Using the first one.
